[debug] [2024-02-01T17:08:54.341Z] ----------------------------------------------------------------------
[debug] [2024-02-01T17:08:54.343Z] Command:       /usr/local/bin/firebase /Users/sophiahunt/.cache/firebase/tools/lib/node_modules/firebase-tools/lib/bin/firebase deploy
[debug] [2024-02-01T17:08:54.343Z] CLI Version:   13.0.3
[debug] [2024-02-01T17:08:54.343Z] Platform:      darwin
[debug] [2024-02-01T17:08:54.344Z] Node Version:  v18.5.0
[debug] [2024-02-01T17:08:54.348Z] Time:          Thu Feb 01 2024 12:08:54 GMT-0500 (Eastern Standard Time)
[debug] [2024-02-01T17:08:54.349Z] ----------------------------------------------------------------------
[debug] 
[debug] [2024-02-01T17:08:54.425Z] > command requires scopes: ["email","openid","https://www.googleapis.com/auth/cloudplatformprojects.readonly","https://www.googleapis.com/auth/firebase","https://www.googleapis.com/auth/cloud-platform"]
[debug] [2024-02-01T17:08:54.426Z] > authorizing via signed-in user (measuringplacesd@gmail.com)
[debug] [2024-02-01T17:08:54.426Z] [iam] checking project better-placemaking for permissions ["cloudfunctions.functions.create","cloudfunctions.functions.delete","cloudfunctions.functions.get","cloudfunctions.functions.list","cloudfunctions.functions.update","cloudfunctions.operations.get","firebase.projects.get"]
[debug] [2024-02-01T17:08:54.427Z] > refreshing access token with scopes: []
[debug] [2024-02-01T17:08:54.429Z] >>> [apiv2][query] POST https://www.googleapis.com/oauth2/v3/token [none]
[debug] [2024-02-01T17:08:54.429Z] >>> [apiv2][body] POST https://www.googleapis.com/oauth2/v3/token [omitted]
[debug] [2024-02-01T17:08:54.874Z] <<< [apiv2][status] POST https://www.googleapis.com/oauth2/v3/token 200
[debug] [2024-02-01T17:08:54.874Z] <<< [apiv2][body] POST https://www.googleapis.com/oauth2/v3/token [omitted]
[debug] [2024-02-01T17:08:54.920Z] >>> [apiv2][query] POST https://cloudresourcemanager.googleapis.com/v1/projects/better-placemaking:testIamPermissions [none]
[debug] [2024-02-01T17:08:54.920Z] >>> [apiv2][(partial)header] POST https://cloudresourcemanager.googleapis.com/v1/projects/better-placemaking:testIamPermissions x-goog-quota-user=projects/better-placemaking
[debug] [2024-02-01T17:08:54.920Z] >>> [apiv2][body] POST https://cloudresourcemanager.googleapis.com/v1/projects/better-placemaking:testIamPermissions {"permissions":["cloudfunctions.functions.create","cloudfunctions.functions.delete","cloudfunctions.functions.get","cloudfunctions.functions.list","cloudfunctions.functions.update","cloudfunctions.operations.get","firebase.projects.get"]}
[debug] [2024-02-01T17:08:55.208Z] <<< [apiv2][status] POST https://cloudresourcemanager.googleapis.com/v1/projects/better-placemaking:testIamPermissions 200
[debug] [2024-02-01T17:08:55.208Z] <<< [apiv2][body] POST https://cloudresourcemanager.googleapis.com/v1/projects/better-placemaking:testIamPermissions {"permissions":["cloudfunctions.functions.create","cloudfunctions.functions.delete","cloudfunctions.functions.get","cloudfunctions.functions.list","cloudfunctions.functions.update","cloudfunctions.operations.get","firebase.projects.get"]}
[debug] [2024-02-01T17:08:55.208Z] >>> [apiv2][query] POST https://iam.googleapis.com/v1/projects/better-placemaking/serviceAccounts/better-placemaking@appspot.gserviceaccount.com:testIamPermissions [none]
[debug] [2024-02-01T17:08:55.209Z] >>> [apiv2][body] POST https://iam.googleapis.com/v1/projects/better-placemaking/serviceAccounts/better-placemaking@appspot.gserviceaccount.com:testIamPermissions {"permissions":["iam.serviceAccounts.actAs"]}
[debug] [2024-02-01T17:08:55.513Z] <<< [apiv2][status] POST https://iam.googleapis.com/v1/projects/better-placemaking/serviceAccounts/better-placemaking@appspot.gserviceaccount.com:testIamPermissions 200
[debug] [2024-02-01T17:08:55.513Z] <<< [apiv2][body] POST https://iam.googleapis.com/v1/projects/better-placemaking/serviceAccounts/better-placemaking@appspot.gserviceaccount.com:testIamPermissions {"permissions":["iam.serviceAccounts.actAs"]}
[info] 
[info] === Deploying to 'better-placemaking'...
[info] 
[info] i  deploying functions 
[debug] [2024-02-01T17:08:55.517Z] >>> [apiv2][query] GET https://firebase.googleapis.com/v1beta1/projects/better-placemaking [none]
[debug] [2024-02-01T17:08:56.171Z] <<< [apiv2][status] GET https://firebase.googleapis.com/v1beta1/projects/better-placemaking 200
[debug] [2024-02-01T17:08:56.171Z] <<< [apiv2][body] GET https://firebase.googleapis.com/v1beta1/projects/better-placemaking {"projectId":"better-placemaking","projectNumber":"15566872110","displayName":"Better Placemaking","name":"projects/better-placemaking","resources":{"hostingSite":"better-placemaking","realtimeDatabaseInstance":"better-placemaking-default-rtdb","storageBucket":"better-placemaking.appspot.com","locationId":"us-central"},"state":"ACTIVE","etag":"1_9d07ffe3-332a-4555-b55e-16c532865a02"}
[info] i  functions: preparing codebase default for deployment 
[info] i  functions: ensuring required API cloudfunctions.googleapis.com is enabled... 
[info] i  functions: ensuring required API cloudbuild.googleapis.com is enabled... 
[info] i  artifactregistry: ensuring required API artifactregistry.googleapis.com is enabled... 
[debug] [2024-02-01T17:08:56.174Z] >>> [apiv2][query] GET https://serviceusage.googleapis.com/v1/projects/better-placemaking/services/cloudfunctions.googleapis.com [none]
[debug] [2024-02-01T17:08:56.174Z] >>> [apiv2][(partial)header] GET https://serviceusage.googleapis.com/v1/projects/better-placemaking/services/cloudfunctions.googleapis.com x-goog-quota-user=projects/better-placemaking
[debug] [2024-02-01T17:08:56.175Z] >>> [apiv2][query] GET https://serviceusage.googleapis.com/v1/projects/better-placemaking/services/runtimeconfig.googleapis.com [none]
[debug] [2024-02-01T17:08:56.175Z] >>> [apiv2][(partial)header] GET https://serviceusage.googleapis.com/v1/projects/better-placemaking/services/runtimeconfig.googleapis.com x-goog-quota-user=projects/better-placemaking
[debug] [2024-02-01T17:08:56.177Z] >>> [apiv2][query] GET https://serviceusage.googleapis.com/v1/projects/better-placemaking/services/cloudbuild.googleapis.com [none]
[debug] [2024-02-01T17:08:56.177Z] >>> [apiv2][(partial)header] GET https://serviceusage.googleapis.com/v1/projects/better-placemaking/services/cloudbuild.googleapis.com x-goog-quota-user=projects/better-placemaking
[debug] [2024-02-01T17:08:56.178Z] >>> [apiv2][query] GET https://serviceusage.googleapis.com/v1/projects/better-placemaking/services/artifactregistry.googleapis.com [none]
[debug] [2024-02-01T17:08:56.178Z] >>> [apiv2][(partial)header] GET https://serviceusage.googleapis.com/v1/projects/better-placemaking/services/artifactregistry.googleapis.com x-goog-quota-user=projects/better-placemaking
[debug] [2024-02-01T17:08:56.638Z] <<< [apiv2][status] GET https://serviceusage.googleapis.com/v1/projects/better-placemaking/services/runtimeconfig.googleapis.com 200
[debug] [2024-02-01T17:08:56.638Z] <<< [apiv2][body] GET https://serviceusage.googleapis.com/v1/projects/better-placemaking/services/runtimeconfig.googleapis.com [omitted]
[debug] [2024-02-01T17:08:56.646Z] <<< [apiv2][status] GET https://serviceusage.googleapis.com/v1/projects/better-placemaking/services/artifactregistry.googleapis.com 200
[debug] [2024-02-01T17:08:56.646Z] <<< [apiv2][body] GET https://serviceusage.googleapis.com/v1/projects/better-placemaking/services/artifactregistry.googleapis.com [omitted]
[info] ✔  artifactregistry: required API artifactregistry.googleapis.com is enabled 
[debug] [2024-02-01T17:08:56.661Z] <<< [apiv2][status] GET https://serviceusage.googleapis.com/v1/projects/better-placemaking/services/cloudfunctions.googleapis.com 200
[debug] [2024-02-01T17:08:56.661Z] <<< [apiv2][body] GET https://serviceusage.googleapis.com/v1/projects/better-placemaking/services/cloudfunctions.googleapis.com [omitted]
[info] ✔  functions: required API cloudfunctions.googleapis.com is enabled 
[debug] [2024-02-01T17:08:56.821Z] <<< [apiv2][status] GET https://serviceusage.googleapis.com/v1/projects/better-placemaking/services/cloudbuild.googleapis.com 200
[debug] [2024-02-01T17:08:56.822Z] <<< [apiv2][body] GET https://serviceusage.googleapis.com/v1/projects/better-placemaking/services/cloudbuild.googleapis.com [omitted]
[info] ✔  functions: required API cloudbuild.googleapis.com is enabled 
[debug] [2024-02-01T17:08:56.822Z] >>> [apiv2][query] GET https://firebase.googleapis.com/v1beta1/projects/better-placemaking/adminSdkConfig [none]
[debug] [2024-02-01T17:08:57.399Z] <<< [apiv2][status] GET https://firebase.googleapis.com/v1beta1/projects/better-placemaking/adminSdkConfig 200
[debug] [2024-02-01T17:08:57.399Z] <<< [apiv2][body] GET https://firebase.googleapis.com/v1beta1/projects/better-placemaking/adminSdkConfig {"projectId":"better-placemaking","databaseURL":"https://better-placemaking-default-rtdb.firebaseio.com","storageBucket":"better-placemaking.appspot.com","locationId":"us-central"}
[debug] [2024-02-01T17:08:57.400Z] >>> [apiv2][query] GET https://runtimeconfig.googleapis.com/v1beta1/projects/better-placemaking/configs [none]
[debug] [2024-02-01T17:08:57.912Z] <<< [apiv2][status] GET https://runtimeconfig.googleapis.com/v1beta1/projects/better-placemaking/configs 200
[debug] [2024-02-01T17:08:57.912Z] <<< [apiv2][body] GET https://runtimeconfig.googleapis.com/v1beta1/projects/better-placemaking/configs {}
[debug] [2024-02-01T17:08:57.915Z] Validating nodejs source
[debug] [2024-02-01T17:08:59.014Z] > [functions] package.json contents: {
  "name": "functions",
  "description": "Cloud Functions for Firebase",
  "scripts": {
    "serve": "firebase emulators:start --only functions",
    "shell": "firebase functions:shell",
    "start": "npm run shell",
    "deploy": "firebase deploy --only functions",
    "logs": "firebase functions:log"
  },
  "engines": {
    "node": "18"
  },
  "main": "index.js",
  "dependencies": {
    "body-parser": "^1.20.2",
    "express": "^4.18.2",
    "firebase-admin": "^11.8.0",
    "firebase-functions": "^4.3.1"
  },
  "devDependencies": {
    "firebase-functions-test": "^3.1.0"
  },
  "private": true
}
[debug] [2024-02-01T17:08:59.015Z] Building nodejs source
[info] i  functions: Loading and analyzing source code for codebase default to determine what to deploy 
[debug] [2024-02-01T17:08:59.018Z] Could not find functions.yaml. Must use http discovery
[debug] [2024-02-01T17:08:59.030Z] Found firebase-functions binary at '/Users/sophiahunt/Desktop/PTBP_new/api-server/functions/node_modules/.bin/firebase-functions'
[info] Serving at port 8153

[debug] [2024-02-01T17:09:00.124Z] Got response from /__/functions.yaml {"endpoints":{"helloWorld":{"availableMemoryMb":null,"timeoutSeconds":null,"minInstances":null,"maxInstances":null,"ingressSettings":null,"concurrency":null,"serviceAccountEmail":null,"vpc":null,"platform":"gcfv2","labels":{},"httpsTrigger":{},"entryPoint":"helloWorld"}},"specVersion":"v1alpha1","requiredAPIs":[]}
[debug] [2024-02-01T17:09:00.172Z] Failed to validate key PORT: Error: Key PORT is reserved for internal use.
[error] Error: Failed to load environment variables from .env.:
[error] - Error Key PORT is reserved for internal use.
